<?xml version="1.0" encoding="UTF-8"?>
<coverage generated="1732804760942" clover="3.2.0">
  <project timestamp="1732804760942" name="All files">
    <metrics statements="28" coveredstatements="28" conditionals="12" coveredconditionals="12" methods="6" coveredmethods="6" elements="46" coveredelements="46" complexity="0" loc="28" ncloc="28" packages="2" files="5" classes="5"/>
    <package name="helpers">
      <metrics statements="25" coveredstatements="25" conditionals="12" coveredconditionals="12" methods="6" coveredmethods="6"/>
      <file name="changeTheme.tsx" path="F:\traine\third-project\src\helpers\changeTheme.tsx">
        <metrics statements="4" coveredstatements="4" conditionals="4" coveredconditionals="4" methods="1" coveredmethods="1"/>
        <line num="3" count="1" type="stmt"/>
        <line num="7" count="2" type="cond" truecount="2" falsecount="0"/>
        <line num="8" count="2" type="cond" truecount="2" falsecount="0"/>
        <line num="9" count="2" type="stmt"/>
      </file>
      <file name="filterCurrencies.tsx" path="F:\traine\third-project\src\helpers\filterCurrencies.tsx">
        <metrics statements="8" coveredstatements="8" conditionals="4" coveredconditionals="4" methods="3" coveredmethods="3"/>
        <line num="3" count="1" type="stmt"/>
        <line num="4" count="4" type="stmt"/>
        <line num="6" count="32" type="stmt"/>
        <line num="7" count="32" type="stmt"/>
        <line num="9" count="32" type="cond" truecount="2" falsecount="0"/>
        <line num="10" count="16" type="stmt"/>
        <line num="15" count="16" type="stmt"/>
        <line num="17" count="6" type="stmt"/>
      </file>
      <file name="formatDate.tsx" path="F:\traine\third-project\src\helpers\formatDate.tsx">
        <metrics statements="5" coveredstatements="5" conditionals="0" coveredconditionals="0" methods="1" coveredmethods="1"/>
        <line num="1" count="1" type="stmt"/>
        <line num="2" count="2" type="stmt"/>
        <line num="3" count="2" type="stmt"/>
        <line num="4" count="2" type="stmt"/>
        <line num="5" count="2" type="stmt"/>
      </file>
      <file name="getCityCoordinates.tsx" path="F:\traine\third-project\src\helpers\getCityCoordinates.tsx">
        <metrics statements="8" coveredstatements="8" conditionals="4" coveredconditionals="4" methods="1" coveredmethods="1"/>
        <line num="1" count="1" type="stmt"/>
        <line num="6" count="1" type="stmt"/>
        <line num="8" count="1" type="stmt"/>
        <line num="9" count="3" type="cond" truecount="2" falsecount="0"/>
        <line num="10" count="1" type="stmt"/>
        <line num="11" count="2" type="cond" truecount="2" falsecount="0"/>
        <line num="12" count="1" type="stmt"/>
        <line num="14" count="1" type="stmt"/>
      </file>
    </package>
    <package name="themes">
      <metrics statements="3" coveredstatements="3" conditionals="0" coveredconditionals="0" methods="0" coveredmethods="0"/>
      <file name="theme.ts" path="F:\traine\third-project\src\themes\theme.ts">
        <metrics statements="3" coveredstatements="3" conditionals="0" coveredconditionals="0" methods="0" coveredmethods="0"/>
        <line num="1" count="1" type="stmt"/>
        <line num="15" count="1" type="stmt"/>
        <line num="42" count="1" type="stmt"/>
      </file>
    </package>
  </project>
</coverage>
