{
  "F:\\traine\\third-project\\src\\helpers\\changeTheme.tsx": {
    "path": "F:\\traine\\third-project\\src\\helpers\\changeTheme.tsx",
    "statementMap": {
      "0": {
        "start": { "line": 3, "column": 27 },
        "end": { "line": 10, "column": 1 }
      },
      "1": {
        "start": { "line": 7, "column": 19 },
        "end": { "line": 7, "column": 77 }
      },
      "2": {
        "start": { "line": 8, "column": 2 },
        "end": { "line": 8, "column": 78 }
      },
      "3": {
        "start": { "line": 9, "column": 2 },
        "end": { "line": 9, "column": 28 }
      }
    },
    "fnMap": {
      "0": {
        "name": "(anonymous_0)",
        "decl": {
          "start": { "line": 3, "column": 27 },
          "end": { "line": 3, "column": 28 }
        },
        "loc": {
          "start": { "line": 6, "column": 5 },
          "end": { "line": 10, "column": 1 }
        },
        "line": 6
      }
    },
    "branchMap": {
      "0": {
        "loc": {
          "start": { "line": 7, "column": 19 },
          "end": { "line": 7, "column": 77 }
        },
        "type": "cond-expr",
        "locations": [
          {
            "start": { "line": 7, "column": 51 },
            "end": { "line": 7, "column": 62 }
          },
          {
            "start": { "line": 7, "column": 65 },
            "end": { "line": 7, "column": 77 }
          }
        ],
        "line": 7
      },
      "1": {
        "loc": {
          "start": { "line": 8, "column": 32 },
          "end": { "line": 8, "column": 76 }
        },
        "type": "cond-expr",
        "locations": [
          {
            "start": { "line": 8, "column": 60 },
            "end": { "line": 8, "column": 67 }
          },
          {
            "start": { "line": 8, "column": 70 },
            "end": { "line": 8, "column": 76 }
          }
        ],
        "line": 8
      }
    },
    "s": { "0": 1, "1": 2, "2": 2, "3": 2 },
    "f": { "0": 2 },
    "b": { "0": [1, 1], "1": [1, 1] },
    "_coverageSchema": "1a1c01bbd47fc00a2c39e90264f33305004495a9",
    "hash": "f9a799dab92fbf3de00eec96ca28dce3a5a65d7c"
  },
  "F:\\traine\\third-project\\src\\helpers\\filterCurrencies.tsx": {
    "path": "F:\\traine\\third-project\\src\\helpers\\filterCurrencies.tsx",
    "statementMap": {
      "0": {
        "start": { "line": 3, "column": 32 },
        "end": { "line": 18, "column": 1 }
      },
      "1": {
        "start": { "line": 4, "column": 2 },
        "end": { "line": 17, "column": 33 }
      },
      "2": {
        "start": { "line": 6, "column": 20 },
        "end": { "line": 6, "column": 45 }
      },
      "3": {
        "start": { "line": 7, "column": 20 },
        "end": { "line": 7, "column": 36 }
      },
      "4": {
        "start": { "line": 9, "column": 6 },
        "end": { "line": 14, "column": 7 }
      },
      "5": {
        "start": { "line": 10, "column": 8 },
        "end": { "line": 13, "column": 10 }
      },
      "6": {
        "start": { "line": 15, "column": 6 },
        "end": { "line": 15, "column": 56 }
      },
      "7": {
        "start": { "line": 17, "column": 20 },
        "end": { "line": 17, "column": 31 }
      }
    },
    "fnMap": {
      "0": {
        "name": "(anonymous_0)",
        "decl": {
          "start": { "line": 3, "column": 32 },
          "end": { "line": 3, "column": 33 }
        },
        "loc": {
          "start": { "line": 3, "column": 56 },
          "end": { "line": 18, "column": 1 }
        },
        "line": 3
      },
      "1": {
        "name": "(anonymous_1)",
        "decl": {
          "start": { "line": 5, "column": 12 },
          "end": { "line": 5, "column": 13 }
        },
        "loc": {
          "start": { "line": 5, "column": 23 },
          "end": { "line": 16, "column": 5 }
        },
        "line": 5
      },
      "2": {
        "name": "(anonymous_2)",
        "decl": {
          "start": { "line": 17, "column": 9 },
          "end": { "line": 17, "column": 10 }
        },
        "loc": {
          "start": { "line": 17, "column": 20 },
          "end": { "line": 17, "column": 31 }
        },
        "line": 17
      }
    },
    "branchMap": {
      "0": {
        "loc": {
          "start": { "line": 9, "column": 6 },
          "end": { "line": 14, "column": 7 }
        },
        "type": "if",
        "locations": [
          {
            "start": { "line": 9, "column": 6 },
            "end": { "line": 14, "column": 7 }
          },
          { "start": {}, "end": {} }
        ],
        "line": 9
      },
      "1": {
        "loc": {
          "start": { "line": 11, "column": 10 },
          "end": { "line": 12, "column": 52 }
        },
        "type": "binary-expr",
        "locations": [
          {
            "start": { "line": 11, "column": 10 },
            "end": { "line": 11, "column": 55 }
          },
          {
            "start": { "line": 12, "column": 10 },
            "end": { "line": 12, "column": 52 }
          }
        ],
        "line": 11
      }
    },
    "s": {
      "0": 1,
      "1": 4,
      "2": 32,
      "3": 32,
      "4": 32,
      "5": 16,
      "6": 16,
      "7": 6
    },
    "f": { "0": 4, "1": 32, "2": 6 },
    "b": { "0": [16, 16], "1": [16, 13] },
    "_coverageSchema": "1a1c01bbd47fc00a2c39e90264f33305004495a9",
    "hash": "d4ff3fbe3759f03f922dea4c3c979a23af670eaf"
  },
  "F:\\traine\\third-project\\src\\helpers\\formatDate.tsx": {
    "path": "F:\\traine\\third-project\\src\\helpers\\formatDate.tsx",
    "statementMap": {
      "0": {
        "start": { "line": 1, "column": 26 },
        "end": { "line": 6, "column": 1 }
      },
      "1": {
        "start": { "line": 2, "column": 15 },
        "end": { "line": 2, "column": 33 }
      },
      "2": {
        "start": { "line": 3, "column": 16 },
        "end": { "line": 3, "column": 65 }
      },
      "3": {
        "start": { "line": 4, "column": 14 },
        "end": { "line": 4, "column": 56 }
      },
      "4": {
        "start": { "line": 5, "column": 2 },
        "end": { "line": 5, "column": 35 }
      }
    },
    "fnMap": {
      "0": {
        "name": "(anonymous_0)",
        "decl": {
          "start": { "line": 1, "column": 26 },
          "end": { "line": 1, "column": 27 }
        },
        "loc": {
          "start": { "line": 1, "column": 50 },
          "end": { "line": 6, "column": 1 }
        },
        "line": 1
      }
    },
    "branchMap": {},
    "s": { "0": 1, "1": 2, "2": 2, "3": 2, "4": 2 },
    "f": { "0": 2 },
    "b": {},
    "_coverageSchema": "1a1c01bbd47fc00a2c39e90264f33305004495a9",
    "hash": "926362c8895115a15ba0f94f514dc53b3d7bd171"
  },
  "F:\\traine\\third-project\\src\\helpers\\getCityCoordinates.tsx": {
    "path": "F:\\traine\\third-project\\src\\helpers\\getCityCoordinates.tsx",
    "statementMap": {
      "0": {
        "start": { "line": 1, "column": 30 },
        "end": { "line": 5, "column": 1 }
      },
      "1": {
        "start": { "line": 6, "column": 28 },
        "end": { "line": 6, "column": 79 }
      },
      "2": {
        "start": { "line": 8, "column": 34 },
        "end": { "line": 15, "column": 1 }
      },
      "3": {
        "start": { "line": 9, "column": 2 },
        "end": { "line": 13, "column": 3 }
      },
      "4": {
        "start": { "line": 10, "column": 4 },
        "end": { "line": 10, "column": 24 }
      },
      "5": {
        "start": { "line": 11, "column": 9 },
        "end": { "line": 13, "column": 3 }
      },
      "6": {
        "start": { "line": 12, "column": 4 },
        "end": { "line": 12, "column": 26 }
      },
      "7": {
        "start": { "line": 14, "column": 2 },
        "end": { "line": 14, "column": 14 }
      }
    },
    "fnMap": {
      "0": {
        "name": "(anonymous_0)",
        "decl": {
          "start": { "line": 8, "column": 34 },
          "end": { "line": 8, "column": 35 }
        },
        "loc": {
          "start": { "line": 8, "column": 52 },
          "end": { "line": 15, "column": 1 }
        },
        "line": 8
      }
    },
    "branchMap": {
      "0": {
        "loc": {
          "start": { "line": 9, "column": 2 },
          "end": { "line": 13, "column": 3 }
        },
        "type": "if",
        "locations": [
          {
            "start": { "line": 9, "column": 2 },
            "end": { "line": 13, "column": 3 }
          },
          {
            "start": { "line": 11, "column": 9 },
            "end": { "line": 13, "column": 3 }
          }
        ],
        "line": 9
      },
      "1": {
        "loc": {
          "start": { "line": 11, "column": 9 },
          "end": { "line": 13, "column": 3 }
        },
        "type": "if",
        "locations": [
          {
            "start": { "line": 11, "column": 9 },
            "end": { "line": 13, "column": 3 }
          },
          { "start": {}, "end": {} }
        ],
        "line": 11
      }
    },
    "s": { "0": 1, "1": 1, "2": 1, "3": 3, "4": 1, "5": 2, "6": 1, "7": 1 },
    "f": { "0": 3 },
    "b": { "0": [1, 2], "1": [1, 1] },
    "_coverageSchema": "1a1c01bbd47fc00a2c39e90264f33305004495a9",
    "hash": "29cebfed922f40848afe6cceb8354b781081a864"
  },
  "F:\\traine\\third-project\\src\\themes\\theme.ts": {
    "path": "F:\\traine\\third-project\\src\\themes\\theme.ts",
    "statementMap": {
      "0": {
        "start": { "line": 1, "column": 18 },
        "end": { "line": 13, "column": 1 }
      },
      "1": {
        "start": { "line": 15, "column": 14 },
        "end": { "line": 40, "column": 1 }
      },
      "2": {
        "start": { "line": 42, "column": 22 },
        "end": { "line": 83, "column": 1 }
      }
    },
    "fnMap": {},
    "branchMap": {},
    "s": { "0": 1, "1": 1, "2": 1 },
    "f": {},
    "b": {},
    "_coverageSchema": "1a1c01bbd47fc00a2c39e90264f33305004495a9",
    "hash": "927403fe76cda6a37517867314c7d443b8c5c1ed"
  }
}
