TN:
SF:src\helpers\changeTheme.tsx
FN:3,(anonymous_0)
FNF:1
FNH:1
FNDA:2,(anonymous_0)
DA:3,1
DA:7,2
DA:8,2
DA:9,2
LF:4
LH:4
BRDA:7,0,0,1
BRDA:7,0,1,1
BRDA:8,1,0,1
BRDA:8,1,1,1
BRF:4
BRH:4
end_of_record
TN:
SF:src\helpers\filterCurrencies.tsx
FN:3,(anonymous_0)
FN:5,(anonymous_1)
FN:17,(anonymous_2)
FNF:3
FNH:3
FNDA:4,(anonymous_0)
FNDA:32,(anonymous_1)
FNDA:6,(anonymous_2)
DA:3,1
DA:4,4
DA:6,32
DA:7,32
DA:9,32
DA:10,16
DA:15,16
DA:17,6
LF:8
LH:8
BRDA:9,0,0,16
BRDA:9,0,1,16
BRDA:11,1,0,16
BRDA:11,1,1,13
BRF:4
BRH:4
end_of_record
TN:
SF:src\helpers\formatDate.tsx
FN:1,(anonymous_0)
FNF:1
FNH:1
FNDA:2,(anonymous_0)
DA:1,1
DA:2,2
DA:3,2
DA:4,2
DA:5,2
LF:5
LH:5
BRF:0
BRH:0
end_of_record
TN:
SF:src\helpers\getCityCoordinates.tsx
FN:8,(anonymous_0)
FNF:1
FNH:1
FNDA:3,(anonymous_0)
DA:1,1
DA:6,1
DA:8,1
DA:9,3
DA:10,1
DA:11,2
DA:12,1
DA:14,1
LF:8
LH:8
BRDA:9,0,0,1
BRDA:9,0,1,2
BRDA:11,1,0,1
BRDA:11,1,1,1
BRF:4
BRH:4
end_of_record
TN:
SF:src\themes\theme.ts
FNF:0
FNH:0
DA:1,1
DA:15,1
DA:42,1
LF:3
LH:3
BRF:0
BRH:0
end_of_record
